0 info it worked if it ends with ok
1 verbose cli [ '/usr/bin/node',
1 verbose cli   '/usr/bin/npm',
1 verbose cli   'install',
1 verbose cli   '--save-dev',
1 verbose cli   'gulp-ruby-sass' ]
2 info using npm@2.10.1
3 info using node@v0.12.4
4 verbose node symlink /usr/bin/node
5 verbose install initial load of /home/scorpio750/Offerit/package.json
6 verbose installManyTop reading scoped package data from /home/scorpio750/Offerit/node_modules/browser-sync/package.json
7 verbose installManyTop reading scoped package data from /home/scorpio750/Offerit/node_modules/gulp/package.json
8 verbose installManyTop reading scoped package data from /home/scorpio750/Offerit/node_modules/gulp-ruby-sass/package.json
9 verbose readDependencies loading dependencies from /home/scorpio750/Offerit/package.json
10 verbose install gulp-ruby-sass is installed as 1.0.5
11 silly cache add args [ 'gulp-ruby-sass', null ]
12 verbose cache add spec gulp-ruby-sass
13 silly cache add parsed spec { raw: 'gulp-ruby-sass',
13 silly cache add   scope: null,
13 silly cache add   name: 'gulp-ruby-sass',
13 silly cache add   rawSpec: '',
13 silly cache add   spec: '*',
13 silly cache add   type: 'range' }
14 silly addNamed gulp-ruby-sass@*
15 verbose addNamed "*" is a valid semver range for gulp-ruby-sass
16 silly addNameRange { name: 'gulp-ruby-sass', range: '*', hasData: false }
17 silly mapToRegistry name gulp-ruby-sass
18 silly mapToRegistry using default registry
19 silly mapToRegistry registry https://registry.npmjs.org/
20 silly mapToRegistry uri https://registry.npmjs.org/gulp-ruby-sass
21 verbose addNameRange registry:https://registry.npmjs.org/gulp-ruby-sass not in flight; fetching
22 verbose request uri https://registry.npmjs.org/gulp-ruby-sass
23 verbose request no auth needed
24 info attempt registry request try #1 at 17:18:30
25 verbose request id 4d74188cee8f2c97
26 http request GET https://registry.npmjs.org/gulp-ruby-sass
27 info retry will retry, error on last attempt: Error: getaddrinfo EAI_AGAIN
28 info attempt registry request try #2 at 17:19:00
29 http request GET https://registry.npmjs.org/gulp-ruby-sass
30 info retry will retry, error on last attempt: Error: getaddrinfo EAI_AGAIN
31 info attempt registry request try #3 at 17:20:20
32 http request GET https://registry.npmjs.org/gulp-ruby-sass
33 verbose stack Error: getaddrinfo EAI_AGAIN
33 verbose stack     at Object.exports._errnoException (util.js:746:11)
33 verbose stack     at errnoException (dns.js:49:15)
33 verbose stack     at GetAddrInfoReqWrap.onlookup [as oncomplete] (dns.js:94:26)
34 verbose cwd /home/scorpio750/Offerit
35 error Linux 3.19.0-18-generic
36 error argv "/usr/bin/node" "/usr/bin/npm" "install" "--save-dev" "gulp-ruby-sass"
37 error node v0.12.4
38 error npm  v2.10.1
39 error code EAI_AGAIN
40 error errno EAI_AGAIN
41 error syscall getaddrinfo
42 error getaddrinfo EAI_AGAIN
43 error If you need help, you may report this error at:
43 error     <https://github.com/npm/npm/issues>
44 verbose exit [ 1, true ]
